<?xml version="1.0" encoding="UTF-8"?>
<!-- Generated by org.testng.reporters.JUnitXMLReporter -->
<testsuite ignored="0" hostname="Hammad" failures="0" tests="3" name="Default test" time="29.45" errors="0" timestamp="2024-04-25T23:36:43 PKT">
  <testcase classname="directMacroTestPackage.DirectMacroTestCases" name="addToCartTestCases" time="9.442"/>
  <testcase classname="directMacroTestPackage.DirectMacroTestCases" name="productQuantityValidation" time="3.002"/>
  <testcase classname="directMacroTestPackage.DirectMacroTestCases" name="searchBarTestCase" time="14.087"/>
</testsuite> <!-- Default test -->
