<?xml version="1.0" encoding="UTF-8"?>
<!-- Generated by org.testng.reporters.JUnitXMLReporter -->
<testsuite ignored="0" hostname="Hammad" failures="0" tests="4" name="Default test" time="48.78" errors="0" timestamp="2024-04-28T16:25:28 PKT">
  <testcase classname="directMacroTestPackage.DirectMacroTestCases" name="addToCartTestCases" time="10.141"/>
  <testcase classname="directMacroTestPackage.DirectMacroTestCases" name="checkoutFormValidationVerfication" time="14.43"/>
  <testcase classname="directMacroTestPackage.DirectMacroTestCases" name="productQuantityValidation" time="4.514"/>
  <testcase classname="directMacroTestPackage.DirectMacroTestCases" name="searchBarTestCase" time="15.36"/>
</testsuite> <!-- Default test -->
