<?xml version="1.0" encoding="UTF-8"?>
<testsuite xmlns:xsi="http://www.w3.org/2001/XMLSchema-instance" xsi:noNamespaceSchemaLocation="https://maven.apache.org/surefire/maven-surefire-plugin/xsd/surefire-test-report-3.0.xsd" version="3.0" name="TestSuite" time="48.341" tests="4" errors="0" skipped="0" failures="0">
  <properties>
[...]
</properties>
  <testcase name="searchBarTestCase" classname="directMacroTestPackage.DirectMacroTestCases" time="14.389">
    <system-err><![CDATA[May 02, 2024 2:11:30 AM org.openqa.selenium.devtools.CdpVersionFinder findNearestMatch
WARNING: Unable to find an exact match for CDP version 124, returning the closest version; found: 123; Please update to a Selenium version that supports CDP version 124
]]></system-err>
  </testcase>
  <testcase name="addToCartTestCases" classname="directMacroTestPackage.DirectMacroTestCases" time="10.795"/>
  <testcase name="productQuantityValidation" classname="directMacroTestPackage.DirectMacroTestCases" time="3.679"/>
  <testcase name="checkoutFormValidationVerfication" classname="directMacroTestPackage.DirectMacroTestCases" time="12.932"/>
</testsuite>