<?xml version="1.0" encoding="UTF-8"?>
<testng-results ignored="0" total="4" passed="4" failed="0" skipped="0">
  <reporter-output>
  </reporter-output>
  <suite started-at="2024-05-07T18:17:43 PKT" name="Test Suite" finished-at="2024-05-07T18:18:46 PKT" duration-ms="63232">
    <groups>
    </groups>
    <test started-at="2024-05-07T18:17:43 PKT" name="Test" finished-at="2024-05-07T18:18:46 PKT" duration-ms="63232">
      <class name="directMacroTestPackage.DirectMacroTestCases">
        <test-method is-config="true" signature="startChrome()[pri:0, instance:directMacroTestPackage.DirectMacroTestCases@72efb5c1]" started-at="2024-05-07T18:17:43 PKT" name="startChrome" finished-at="2024-05-07T18:17:43 PKT" duration-ms="209" status="PASS">
          <reporter-output>
          </reporter-output>
        </test-method> <!-- startChrome -->
        <test-method is-config="true" signature="setup()[pri:0, instance:directMacroTestPackage.DirectMacroTestCases@72efb5c1]" started-at="2024-05-07T18:17:43 PKT" name="setup" finished-at="2024-05-07T18:17:48 PKT" duration-ms="4694" status="PASS">
          <reporter-output>
          </reporter-output>
        </test-method> <!-- setup -->
        <test-method signature="searchBarTestCase()[pri:1, instance:directMacroTestPackage.DirectMacroTestCases@72efb5c1]" started-at="2024-05-07T18:17:48 PKT" name="searchBarTestCase" finished-at="2024-05-07T18:18:03 PKT" duration-ms="15743" status="PASS">
          <reporter-output>
          </reporter-output>
        </test-method> <!-- searchBarTestCase -->
        <test-method is-config="true" signature="tearDown(org.testng.ITestResult)[pri:0, instance:directMacroTestPackage.DirectMacroTestCases@72efb5c1]" started-at="2024-05-07T18:18:03 PKT" name="tearDown" finished-at="2024-05-07T18:18:03 PKT" duration-ms="16" status="PASS">
          <params>
            <param index="0">
              <value>
                <![CDATA[[TestResult name=searchBarTestCase status=SUCCESS method=DirectMacroTestCases.searchBarTestCase()[pri:1, instance:directMacroTestPackage.DirectMacroTestCases@72efb5c1] output={null}]]]>
              </value>
            </param>
          </params>
          <reporter-output>
          </reporter-output>
        </test-method> <!-- tearDown -->
        <test-method is-config="true" signature="setup()[pri:0, instance:directMacroTestPackage.DirectMacroTestCases@72efb5c1]" started-at="2024-05-07T18:18:03 PKT" name="setup" finished-at="2024-05-07T18:18:04 PKT" duration-ms="706" status="PASS">
          <reporter-output>
          </reporter-output>
        </test-method> <!-- setup -->
        <test-method signature="addToCartTestCases()[pri:2, instance:directMacroTestPackage.DirectMacroTestCases@72efb5c1]" started-at="2024-05-07T18:18:04 PKT" name="addToCartTestCases" finished-at="2024-05-07T18:18:18 PKT" duration-ms="13771" status="PASS">
          <reporter-output>
          </reporter-output>
        </test-method> <!-- addToCartTestCases -->
        <test-method is-config="true" signature="tearDown(org.testng.ITestResult)[pri:0, instance:directMacroTestPackage.DirectMacroTestCases@72efb5c1]" started-at="2024-05-07T18:18:18 PKT" name="tearDown" finished-at="2024-05-07T18:18:18 PKT" duration-ms="1" status="PASS">
          <params>
            <param index="0">
              <value>
                <![CDATA[[TestResult name=addToCartTestCases status=SUCCESS method=DirectMacroTestCases.addToCartTestCases()[pri:2, instance:directMacroTestPackage.DirectMacroTestCases@72efb5c1] output={null}]]]>
              </value>
            </param>
          </params>
          <reporter-output>
          </reporter-output>
        </test-method> <!-- tearDown -->
        <test-method is-config="true" signature="setup()[pri:0, instance:directMacroTestPackage.DirectMacroTestCases@72efb5c1]" started-at="2024-05-07T18:18:18 PKT" name="setup" finished-at="2024-05-07T18:18:19 PKT" duration-ms="1379" status="PASS">
          <reporter-output>
          </reporter-output>
        </test-method> <!-- setup -->
        <test-method signature="productQuantityValidation()[pri:3, instance:directMacroTestPackage.DirectMacroTestCases@72efb5c1]" started-at="2024-05-07T18:18:19 PKT" name="productQuantityValidation" finished-at="2024-05-07T18:18:25 PKT" duration-ms="5582" status="PASS">
          <reporter-output>
          </reporter-output>
        </test-method> <!-- productQuantityValidation -->
        <test-method is-config="true" signature="tearDown(org.testng.ITestResult)[pri:0, instance:directMacroTestPackage.DirectMacroTestCases@72efb5c1]" started-at="2024-05-07T18:18:25 PKT" name="tearDown" finished-at="2024-05-07T18:18:25 PKT" duration-ms="1" status="PASS">
          <params>
            <param index="0">
              <value>
                <![CDATA[[TestResult name=productQuantityValidation status=SUCCESS method=DirectMacroTestCases.productQuantityValidation()[pri:3, instance:directMacroTestPackage.DirectMacroTestCases@72efb5c1] output={null}]]]>
              </value>
            </param>
          </params>
          <reporter-output>
          </reporter-output>
        </test-method> <!-- tearDown -->
        <test-method is-config="true" signature="setup()[pri:0, instance:directMacroTestPackage.DirectMacroTestCases@72efb5c1]" started-at="2024-05-07T18:18:25 PKT" name="setup" finished-at="2024-05-07T18:18:25 PKT" duration-ms="681" status="PASS">
          <reporter-output>
          </reporter-output>
        </test-method> <!-- setup -->
        <test-method signature="checkoutFormValidationVerfication()[pri:4, instance:directMacroTestPackage.DirectMacroTestCases@72efb5c1]" started-at="2024-05-07T18:18:25 PKT" name="checkoutFormValidationVerfication" finished-at="2024-05-07T18:18:45 PKT" duration-ms="19632" status="PASS">
          <reporter-output>
          </reporter-output>
        </test-method> <!-- checkoutFormValidationVerfication -->
        <test-method is-config="true" signature="tearDown(org.testng.ITestResult)[pri:0, instance:directMacroTestPackage.DirectMacroTestCases@72efb5c1]" started-at="2024-05-07T18:18:45 PKT" name="tearDown" finished-at="2024-05-07T18:18:45 PKT" duration-ms="1" status="PASS">
          <params>
            <param index="0">
              <value>
                <![CDATA[[TestResult name=checkoutFormValidationVerfication status=SUCCESS method=DirectMacroTestCases.checkoutFormValidationVerfication()[pri:4, instance:directMacroTestPackage.DirectMacroTestCases@72efb5c1] output={null}]]]>
              </value>
            </param>
          </params>
          <reporter-output>
          </reporter-output>
        </test-method> <!-- tearDown -->
        <test-method is-config="true" signature="CloseChrome()[pri:0, instance:directMacroTestPackage.DirectMacroTestCases@72efb5c1]" started-at="2024-05-07T18:18:45 PKT" name="CloseChrome" finished-at="2024-05-07T18:18:46 PKT" duration-ms="732" status="PASS">
          <reporter-output>
          </reporter-output>
        </test-method> <!-- CloseChrome -->
      </class> <!-- directMacroTestPackage.DirectMacroTestCases -->
    </test> <!-- Test -->
  </suite> <!-- Test Suite -->
</testng-results>
