<?xml version="1.0" encoding="UTF-8"?>
<testsuite xmlns:xsi="http://www.w3.org/2001/XMLSchema-instance" xsi:noNamespaceSchemaLocation="https://maven.apache.org/surefire/maven-surefire-plugin/xsd/surefire-test-report-3.0.xsd" version="3.0" name="TestSuite" time="66.906" tests="4" errors="0" skipped="0" failures="0">
  <properties>
[...]
</properties>
  <testcase name="searchBarTestCase" classname="directMacroTestPackage.DirectMacroTestCases" time="15.726">
    <system-out><![CDATA[Report Path: C:\Users\Umair Ahmed\eclipse-workspace\DirectMacroAutomation/test-output/Report.html
]]></system-out>
    <system-err><![CDATA[[main] INFO io.github.bonigarcia.wdm.WebDriverManager - Using chromedriver 124.0.6367.91 (resolved driver for Chrome 124)
[main] INFO io.github.bonigarcia.wdm.WebDriverManager - Exporting webdriver.chrome.driver as C:\Users\Umair Ahmed\.cache\selenium\chromedriver\win64\124.0.6367.91\chromedriver.exe
May 07, 2024 6:17:42 PM org.openqa.selenium.devtools.CdpVersionFinder findNearestMatch
WARNING: Unable to find an exact match for CDP version 124, returning the closest version; found: 123; Please update to a Selenium version that supports CDP version 124
]]></system-err>
  </testcase>
  <testcase name="addToCartTestCases" classname="directMacroTestPackage.DirectMacroTestCases" time="13.771"/>
  <testcase name="productQuantityValidation" classname="directMacroTestPackage.DirectMacroTestCases" time="5.583"/>
  <testcase name="checkoutFormValidationVerfication" classname="directMacroTestPackage.DirectMacroTestCases" time="19.631"/>
</testsuite>