<?xml version="1.0" encoding="UTF-8"?>
<testng-results ignored="0" total="4" passed="4" failed="0" skipped="0">
  <reporter-output>
  </reporter-output>
  <suite started-at="2024-09-05T20:41:11 PKT" name="Test Suite" finished-at="2024-09-05T20:42:46 PKT" duration-ms="94175">
    <groups>
    </groups>
    <test started-at="2024-09-05T20:41:11 PKT" name="Test" finished-at="2024-09-05T20:42:46 PKT" duration-ms="94175">
      <class name="directMacroTestPackage.DirectMacroTestCases">
        <test-method is-config="true" signature="startChrome()[pri:0, instance:directMacroTestPackage.DirectMacroTestCases@158d255c]" started-at="2024-09-05T20:41:11 PKT" name="startChrome" finished-at="2024-09-05T20:41:12 PKT" duration-ms="144" status="PASS">
          <reporter-output>
          </reporter-output>
        </test-method> <!-- startChrome -->
        <test-method is-config="true" signature="setup()[pri:0, instance:directMacroTestPackage.DirectMacroTestCases@158d255c]" started-at="2024-09-05T20:41:12 PKT" name="setup" finished-at="2024-09-05T20:41:13 PKT" duration-ms="1641" status="PASS">
          <reporter-output>
          </reporter-output>
        </test-method> <!-- setup -->
        <test-method signature="searchBarTestCase()[pri:1, instance:directMacroTestPackage.DirectMacroTestCases@158d255c]" started-at="2024-09-05T20:41:13 PKT" name="searchBarTestCase" finished-at="2024-09-05T20:41:45 PKT" duration-ms="31726" status="PASS">
          <reporter-output>
          </reporter-output>
        </test-method> <!-- searchBarTestCase -->
        <test-method is-config="true" signature="tearDown(org.testng.ITestResult)[pri:0, instance:directMacroTestPackage.DirectMacroTestCases@158d255c]" started-at="2024-09-05T20:41:45 PKT" name="tearDown" finished-at="2024-09-05T20:41:46 PKT" duration-ms="919" status="PASS">
          <params>
            <param index="0">
              <value>
                <![CDATA[[TestResult name=searchBarTestCase status=SUCCESS method=DirectMacroTestCases.searchBarTestCase()[pri:1, instance:directMacroTestPackage.DirectMacroTestCases@158d255c] output={null}]]]>
              </value>
            </param>
          </params>
          <reporter-output>
          </reporter-output>
        </test-method> <!-- tearDown -->
        <test-method is-config="true" signature="setup()[pri:0, instance:directMacroTestPackage.DirectMacroTestCases@158d255c]" started-at="2024-09-05T20:41:46 PKT" name="setup" finished-at="2024-09-05T20:41:47 PKT" duration-ms="618" status="PASS">
          <reporter-output>
          </reporter-output>
        </test-method> <!-- setup -->
        <test-method signature="addToCartTestCases()[pri:2, instance:directMacroTestPackage.DirectMacroTestCases@158d255c]" started-at="2024-09-05T20:41:47 PKT" name="addToCartTestCases" finished-at="2024-09-05T20:42:14 PKT" duration-ms="27164" status="PASS">
          <reporter-output>
          </reporter-output>
        </test-method> <!-- addToCartTestCases -->
        <test-method is-config="true" signature="tearDown(org.testng.ITestResult)[pri:0, instance:directMacroTestPackage.DirectMacroTestCases@158d255c]" started-at="2024-09-05T20:42:14 PKT" name="tearDown" finished-at="2024-09-05T20:42:14 PKT" duration-ms="294" status="PASS">
          <params>
            <param index="0">
              <value>
                <![CDATA[[TestResult name=addToCartTestCases status=SUCCESS method=DirectMacroTestCases.addToCartTestCases()[pri:2, instance:directMacroTestPackage.DirectMacroTestCases@158d255c] output={null}]]]>
              </value>
            </param>
          </params>
          <reporter-output>
          </reporter-output>
        </test-method> <!-- tearDown -->
        <test-method is-config="true" signature="setup()[pri:0, instance:directMacroTestPackage.DirectMacroTestCases@158d255c]" started-at="2024-09-05T20:42:14 PKT" name="setup" finished-at="2024-09-05T20:42:15 PKT" duration-ms="1136" status="PASS">
          <reporter-output>
          </reporter-output>
        </test-method> <!-- setup -->
        <test-method signature="productQuantityValidation()[pri:3, instance:directMacroTestPackage.DirectMacroTestCases@158d255c]" started-at="2024-09-05T20:42:15 PKT" name="productQuantityValidation" finished-at="2024-09-05T20:42:24 PKT" duration-ms="9105" status="PASS">
          <reporter-output>
          </reporter-output>
        </test-method> <!-- productQuantityValidation -->
        <test-method is-config="true" signature="tearDown(org.testng.ITestResult)[pri:0, instance:directMacroTestPackage.DirectMacroTestCases@158d255c]" started-at="2024-09-05T20:42:24 PKT" name="tearDown" finished-at="2024-09-05T20:42:24 PKT" duration-ms="69" status="PASS">
          <params>
            <param index="0">
              <value>
                <![CDATA[[TestResult name=productQuantityValidation status=SUCCESS method=DirectMacroTestCases.productQuantityValidation()[pri:3, instance:directMacroTestPackage.DirectMacroTestCases@158d255c] output={null}]]]>
              </value>
            </param>
          </params>
          <reporter-output>
          </reporter-output>
        </test-method> <!-- tearDown -->
        <test-method is-config="true" signature="setup()[pri:0, instance:directMacroTestPackage.DirectMacroTestCases@158d255c]" started-at="2024-09-05T20:42:24 PKT" name="setup" finished-at="2024-09-05T20:42:25 PKT" duration-ms="724" status="PASS">
          <reporter-output>
          </reporter-output>
        </test-method> <!-- setup -->
        <test-method signature="checkoutFormValidationVerfication()[pri:4, instance:directMacroTestPackage.DirectMacroTestCases@158d255c]" started-at="2024-09-05T20:42:25 PKT" name="checkoutFormValidationVerfication" finished-at="2024-09-05T20:42:45 PKT" duration-ms="19722" status="PASS">
          <reporter-output>
          </reporter-output>
        </test-method> <!-- checkoutFormValidationVerfication -->
        <test-method is-config="true" signature="tearDown(org.testng.ITestResult)[pri:0, instance:directMacroTestPackage.DirectMacroTestCases@158d255c]" started-at="2024-09-05T20:42:45 PKT" name="tearDown" finished-at="2024-09-05T20:42:45 PKT" duration-ms="123" status="PASS">
          <params>
            <param index="0">
              <value>
                <![CDATA[[TestResult name=checkoutFormValidationVerfication status=SUCCESS method=DirectMacroTestCases.checkoutFormValidationVerfication()[pri:4, instance:directMacroTestPackage.DirectMacroTestCases@158d255c] output={null}]]]>
              </value>
            </param>
          </params>
          <reporter-output>
          </reporter-output>
        </test-method> <!-- tearDown -->
        <test-method is-config="true" signature="CloseChrome()[pri:0, instance:directMacroTestPackage.DirectMacroTestCases@158d255c]" started-at="2024-09-05T20:42:45 PKT" name="CloseChrome" finished-at="2024-09-05T20:42:46 PKT" duration-ms="714" status="PASS">
          <reporter-output>
          </reporter-output>
        </test-method> <!-- CloseChrome -->
      </class> <!-- directMacroTestPackage.DirectMacroTestCases -->
    </test> <!-- Test -->
  </suite> <!-- Test Suite -->
</testng-results>
