<?xml version="1.0" encoding="UTF-8"?>
<!-- Generated by org.testng.reporters.JUnitXMLReporter -->
<testsuite ignored="0" hostname="Ali-Hammad" failures="0" tests="4" name="Test" time="94.175" errors="0" timestamp="2024-09-05T20:42:46 PKT">
  <testcase classname="directMacroTestPackage.DirectMacroTestCases" name="searchBarTestCase" time="31.726"/>
  <testcase classname="directMacroTestPackage.DirectMacroTestCases" name="addToCartTestCases" time="27.164"/>
  <testcase classname="directMacroTestPackage.DirectMacroTestCases" name="productQuantityValidation" time="9.105"/>
  <testcase classname="directMacroTestPackage.DirectMacroTestCases" name="checkoutFormValidationVerfication" time="19.722"/>
</testsuite> <!-- Test -->
