<?xml version="1.0" encoding="UTF-8"?>
<!-- Generated by org.testng.reporters.JUnitXMLReporter -->
<testsuite ignored="0" hostname="Hammad" failures="0" tests="4" name="Test" time="45.855" errors="0" timestamp="2024-05-02T02:12:16 PKT">
  <testcase classname="directMacroTestPackage.DirectMacroTestCases" name="searchBarTestCase" time="14.389"/>
  <testcase classname="directMacroTestPackage.DirectMacroTestCases" name="addToCartTestCases" time="10.796"/>
  <testcase classname="directMacroTestPackage.DirectMacroTestCases" name="productQuantityValidation" time="3.68"/>
  <testcase classname="directMacroTestPackage.DirectMacroTestCases" name="checkoutFormValidationVerfication" time="12.932"/>
</testsuite> <!-- Test -->
